<?xml version="1.0" encoding="UTF-8"?>
<!-- Generated by org.testng.reporters.JUnitReportReporter -->
<testsuite hostname="Vinod_Reddy" failures="0" tests="1" name="Lokanath.CreateFacebookAccountTest" time="7.542" errors="0" timestamp="2023-02-10T20:41:57 IST" skipped="0">
  <testcase classname="Lokanath.CreateFacebookAccountTest" name="testCreateFacebookAccount" time="7.542"/>
  <system-out/>
</testsuite> <!-- Lokanath.CreateFacebookAccountTest -->
