<?xml version="1.0" encoding="UTF-8"?>
<!-- Generated by org.testng.reporters.JUnitReportReporter -->
<testsuite hostname="Vinod_Reddy" failures="0" tests="1" name="Lokanath.Assertion" time="5.325" errors="0" timestamp="2023-02-16T16:29:15 IST" skipped="0">
  <testcase classname="Lokanath.Assertion" name="verifyTitle" time="5.325"/>
  <system-out/>
</testsuite> <!-- Lokanath.Assertion -->
